#
# A fatal error has been detected by the Java Runtime Environment:
#
#  EXCEPTION_ACCESS_VIOLATION (0xc0000005) at pc=0x0000000077a94320, pid=6584, tid=0x000000000000140c
#
# JRE version: Java(TM) SE Runtime Environment (8.0_161-b12) (build 1.8.0_161-b12)
# Java VM: Java HotSpot(TM) 64-Bit Server VM (25.161-b12 mixed mode windows-amd64 compressed oops)
# Problematic frame:
# C  [ntdll.dll+0x54320]
#
# Failed to write core dump. Minidumps are not enabled by default on client versions of Windows
#
# If you would like to submit a bug report, please visit:
#   http://bugreport.java.com/bugreport/crash.jsp
# The crash happened outside the Java Virtual Machine in native code.
# See problematic frame for where to report the bug.
#

---------------  T H R E A D  ---------------

Current thread (0x0000000056974800):  JavaThread "QuantumRenderer-0" daemon [_thread_in_native, id=5132, stack(0x0000000057000000,0x0000000057100000)]

siginfo: ExceptionCode=0xc0000005, reading address 0x0000000000000000

Registers:
RAX=0x0000000000000022, RBX=0x0000000056a50000, RCX=0x0000000000000000, RDX=0x0000000000100000
RSP=0x00000000570fc790, RBP=0x0000000000000002, RSI=0x00000000574acbf0, RDI=0x00000000574adc00
R8 =0x0000000000000101, R9 =0x00000000574acc00, R10=0x00000000574adc10, R11=0x0000000056a50158
R12=0x0000000000000000, R13=0x0000000000000000, R14=0x000000005e012a00, R15=0x0000000000000000
RIP=0x0000000077a94320, EFLAGS=0x0000000000010246

Top of Stack: (sp=0x00000000570fc790)
0x00000000570fc790:   0000000002000002 0000000056a50230
0x00000000570fc7a0:   00000000574adc10 0000000077aa1a0c
0x00000000570fc7b0:   0000000056a50000 00000000574adc00
0x00000000570fc7c0:   0000000000000000 0000000056a50230
0x00000000570fc7d0:   000000574a479000 0000000000000101
0x00000000570fc7e0:   0000000000000000 0000000000000101
0x00000000570fc7f0:   0000000059000000 0000000056a50101
0x00000000570fc800:   0000000056a51200 0000000000000107
0x00000000570fc810:   0000000056a50158 01070000000212f0
0x00000000570fc820:   0000000000000000 0000000000000003
0x00000000570fc830:   00000000574a7b90 00000000000003ff
0x00000000570fc840:   0000000000000000 000003ff00000003
0x00000000570fc850:   0000000004000000 00000000574a7b90
0x00000000570fc860:   0007000022000022 0000000056a512f0
0x00000000570fc870:   0000000000000000 00000000574b0101
0x00000000570fc880:   0000000056a50100 0000000022000022 

Instructions: (pc=0x0000000077a94320)
0x0000000077a94300:   32 47 08 38 47 0b 0f 85 79 d2 00 00 45 84 f6 0f
0x0000000077a94310:   85 83 d2 00 00 4c 8d 57 10 4d 8b 22 4c 8b 6f 18
0x0000000077a94320:   49 8b 45 00 4d 8b 4c 24 08 49 3b c1 0f 85 34 d6
0x0000000077a94330:   00 00 49 3b c2 0f 85 2b d6 00 00 0f b7 47 08 48 


Register to memory mapping:

RAX=0x0000000000000022 is an unknown value
RBX=0x0000000056a50000 is an unknown value
RCX=0x0000000000000000 is an unknown value
RDX=0x0000000000100000 is an unknown value
RSP=0x00000000570fc790 is pointing into the stack for thread: 0x0000000056974800
RBP=0x0000000000000002 is an unknown value
RSI=0x00000000574acbf0 is an unknown value
RDI=0x00000000574adc00 is an unknown value
R8 =0x0000000000000101 is an unknown value
R9 =0x00000000574acc00 is an unknown value
R10=0x00000000574adc10 is an unknown value
R11=0x0000000056a50158 is an unknown value
R12=0x0000000000000000 is an unknown value
R13=0x0000000000000000 is an unknown value
R14=0x000000005e012a00 is an unknown value
R15=0x0000000000000000 is an unknown value


Stack: [0x0000000057000000,0x0000000057100000],  sp=0x00000000570fc790,  free space=1009k
Native frames: (J=compiled Java code, j=interpreted, Vv=VM code, C=native code)
C  [ntdll.dll+0x54320]
C  [ntdll.dll+0x5413d]
C  [kernel32.dll+0x2301a]
C  [igdumd64.dll+0x53b1c0]
C  [igdumd64.dll+0x16e3f5]
C  [igdumd64.dll+0x168f3a]
C  [igdumd64.dll+0x16cb74]
C  [igdumd64.dll+0x168fa1]
C  [igdumd64.dll+0x15a184]
C  [igdumd64.dll+0x158064]
C  [igdumd64.dll+0x1571f1]
C  [igdumd64.dll+0x532ae5]
C  [igdumd64.dll+0x532a65]
C  [igdumd64.dll+0x5314b4]
C  [igdumd64.dll+0x52f9f9]
C  [igdumd64.dll+0x530645]
C  [igdumd64.dll+0x6523]
C  [igdumd64.dll+0x72d2]
C  [igdumd64.dll+0x739a]
C  [d3d9.dll+0x101c4]
C  [d3d9.dll+0x18e17]
C  [d3d9.dll+0x172d5]
C  [d3d9.dll+0x18974]
C  [d3d9.dll+0xe4c0]
C  [d3d9.dll+0x10529]
C  [prism_d3d.dll+0x34ea]
C  [prism_d3d.dll+0x12e2]
C  [prism_d3d.dll+0x76c5]
C  [prism_d3d.dll+0x8858]
C  0x0000000002a88c27

Java frames: (J=compiled Java code, j=interpreted, Vv=VM code)
j  com.sun.prism.d3d.D3DResourceFactory.nGetContext(I)J+0
j  com.sun.prism.d3d.D3DPipeline.createResourceFactory(ILcom/sun/glass/ui/Screen;)Lcom/sun/prism/d3d/D3DResourceFactory;+1
j  com.sun.prism.d3d.D3DPipeline.getD3DResourceFactory(ILcom/sun/glass/ui/Screen;)Lcom/sun/prism/d3d/D3DResourceFactory;+16
j  com.sun.prism.d3d.D3DPipeline.findDefaultResourceFactory(Ljava/util/List;)Lcom/sun/prism/d3d/D3DResourceFactory;+17
j  com.sun.prism.d3d.D3DPipeline.getDefaultResourceFactory(Ljava/util/List;)Lcom/sun/prism/ResourceFactory;+9
j  com.sun.prism.GraphicsPipeline.getDefaultResourceFactory()Lcom/sun/prism/ResourceFactory;+8
j  com.sun.javafx.tk.quantum.QuantumRenderer.lambda$createResourceFactory$413()V+0
j  com.sun.javafx.tk.quantum.QuantumRenderer$$Lambda$40.run()V+0
j  java.util.concurrent.Executors$RunnableAdapter.call()Ljava/lang/Object;+4
j  java.util.concurrent.FutureTask.runAndReset()Z+47
j  com.sun.javafx.tk.RenderJob.run()V+1
j  java.util.concurrent.ThreadPoolExecutor.runWorker(Ljava/util/concurrent/ThreadPoolExecutor$Worker;)V+95
j  java.util.concurrent.ThreadPoolExecutor$Worker.run()V+5
j  com.sun.javafx.tk.quantum.QuantumRenderer$PipelineRunnable.run()V+8
j  java.lang.Thread.run()V+11
v  ~StubRoutines::call_stub

---------------  P R O C E S S  ---------------

Java Threads: ( => current thread )
  0x00000000569b3000 JavaThread "JavaFX Application Thread" [_thread_blocked, id=5916, stack(0x00000000579b0000,0x0000000057ab0000)]
  0x000000005699d800 JavaThread "Thread-1" daemon [_thread_blocked, id=7192, stack(0x00000000577b0000,0x00000000578b0000)]
=>0x0000000056974800 JavaThread "QuantumRenderer-0" daemon [_thread_in_native, id=5132, stack(0x0000000057000000,0x0000000057100000)]
  0x0000000056657800 JavaThread "Service Thread" daemon [_thread_blocked, id=5280, stack(0x0000000056ef0000,0x0000000056ff0000)]
  0x00000000565d5000 JavaThread "C1 CompilerThread2" daemon [_thread_blocked, id=4676, stack(0x0000000056a60000,0x0000000056b60000)]
  0x0000000054f96800 JavaThread "C2 CompilerThread1" daemon [_thread_blocked, id=7708, stack(0x0000000056d60000,0x0000000056e60000)]
  0x0000000054f93800 JavaThread "C2 CompilerThread0" daemon [_thread_blocked, id=1848, stack(0x0000000056ba0000,0x0000000056ca0000)]
  0x0000000054f92000 JavaThread "Attach Listener" daemon [_thread_blocked, id=3740, stack(0x00000000564c0000,0x00000000565c0000)]
  0x0000000054f8f000 JavaThread "Signal Dispatcher" daemon [_thread_blocked, id=8056, stack(0x00000000562d0000,0x00000000563d0000)]
  0x0000000054f7a800 JavaThread "Finalizer" daemon [_thread_blocked, id=5400, stack(0x00000000561c0000,0x00000000562c0000)]
  0x0000000054f33000 JavaThread "Reference Handler" daemon [_thread_blocked, id=4656, stack(0x0000000056090000,0x0000000056190000)]
  0x000000000235f000 JavaThread "main" [_thread_blocked, id=6360, stack(0x00000000026a0000,0x00000000027a0000)]

Other Threads:
  0x0000000054f2b800 VMThread [stack: 0x0000000055f90000,0x0000000056090000] [id=5688]
  0x000000005665d800 WatcherThread [stack: 0x0000000057110000,0x0000000057210000] [id=2768]

VM state:not at safepoint (normal execution)

VM Mutex/Monitor currently owned by a thread: None

Heap:
 PSYoungGen      total 18432K, used 5716K [0x00000000eb700000, 0x00000000ecb80000, 0x0000000100000000)
  eden space 15872K, 36% used [0x00000000eb700000,0x00000000ebc95330,0x00000000ec680000)
  from space 2560K, 0% used [0x00000000ec900000,0x00000000ec900000,0x00000000ecb80000)
  to   space 2560K, 0% used [0x00000000ec680000,0x00000000ec680000,0x00000000ec900000)
 ParOldGen       total 42496K, used 0K [0x00000000c2400000, 0x00000000c4d80000, 0x00000000eb700000)
  object space 42496K, 0% used [0x00000000c2400000,0x00000000c2400000,0x00000000c4d80000)
 Metaspace       used 5176K, capacity 5886K, committed 6144K, reserved 1056768K
  class space    used 605K, capacity 718K, committed 768K, reserved 1048576K

Card table byte_map: [0x0000000011e30000,0x0000000012020000] byte_map_base: 0x000000001181e000

Marking Bits: (ParMarkBitMap*) 0x000000005d5cf860
 Begin Bits: [0x00000000124d0000, 0x0000000013440000)
 End Bits:   [0x0000000013440000, 0x00000000143b0000)

Polling page: 0x0000000000440000

CodeCache: size=245760Kb used=1885Kb max_used=1885Kb free=243874Kb
 bounds [0x0000000002a70000, 0x0000000002ce0000, 0x0000000011a70000]
 total_blobs=707 nmethods=395 adapters=225
 compilation: enabled

Compilation events (10 events):
Event: 1.573 Thread 0x00000000565d5000  388       3       java.lang.invoke.MemberName::flagsMods (72 bytes)
Event: 1.574 Thread 0x00000000565d5000 nmethod 388 0x0000000002c3f790 code [0x0000000002c3f8e0, 0x0000000002c3fa50]
Event: 1.781 Thread 0x00000000565d5000  391       1       java.lang.invoke.MethodHandles$Lookup::lookupClass (5 bytes)
Event: 1.781 Thread 0x00000000565d5000 nmethod 391 0x0000000002c40410 code [0x0000000002c40560, 0x0000000002c40670]
Event: 1.783 Thread 0x00000000565d5000  393       3       sun.invoke.util.Wrapper::forPrimitiveType (49 bytes)
Event: 1.783 Thread 0x00000000565d5000 nmethod 393 0x0000000002c40850 code [0x0000000002c40ae0, 0x0000000002c41c58]
Event: 1.784 Thread 0x00000000565d5000  394       3       java.lang.StringBuffer::<init> (6 bytes)
Event: 1.785 Thread 0x00000000565d5000 nmethod 394 0x0000000002c42510 code [0x0000000002c42680, 0x0000000002c42930]
Event: 1.787 Thread 0x00000000565d5000  395  s!   3       sun.misc.URLClassPath::getLoader (243 bytes)
Event: 1.789 Thread 0x00000000565d5000 nmethod 395 0x0000000002c43790 code [0x0000000002c43b60, 0x0000000002c46288]

GC Heap History (0 events):
No events

Deoptimization events (1 events):
Event: 0.373 Thread 0x000000000235f000 Uncommon trap: reason=unstable_if action=reinterpret pc=0x0000000002b95f68 method=java.lang.String.hashCode()I @ 14

Classes redefined (0 events):
No events

Internal exceptions (10 events):
Event: 0.088 Thread 0x000000000235f000 Exception <a 'java/lang/NoSuchMethodError': Method sun.misc.Unsafe.defineClass(Ljava/lang/String;[BII)Ljava/lang/Class; name or signature does not match> (0x00000000eb707ca0) thrown at [C:\re\workspace\8-2-build-windows-amd64-cygwin\jdk8u161\10277\hotspot
Event: 0.088 Thread 0x000000000235f000 Exception <a 'java/lang/NoSuchMethodError': Method sun.misc.Unsafe.prefetchRead(Ljava/lang/Object;J)V name or signature does not match> (0x00000000eb707f88) thrown at [C:\re\workspace\8-2-build-windows-amd64-cygwin\jdk8u161\10277\hotspot\src\share\vm\prim
Event: 0.227 Thread 0x000000000235f000 Exception <a 'java/io/FileNotFoundException'> (0x00000000eb75e058) thrown at [C:\re\workspace\8-2-build-windows-amd64-cygwin\jdk8u161\10277\hotspot\src\share\vm\prims\jni.cpp, line 709]
Event: 0.455 Thread 0x000000000235f000 Exception <a 'java/lang/NoSuchFieldError': method resolution failed> (0x00000000eb8ed7d8) thrown at [C:\re\workspace\8-2-build-windows-amd64-cygwin\jdk8u161\10277\hotspot\src\share\vm\prims\methodHandles.cpp, line 1167]
Event: 0.458 Thread 0x000000000235f000 Exception <a 'java/lang/NoSuchFieldError': method resolution failed> (0x00000000eb8fab28) thrown at [C:\re\workspace\8-2-build-windows-amd64-cygwin\jdk8u161\10277\hotspot\src\share\vm\prims\methodHandles.cpp, line 1167]
Event: 0.495 Thread 0x000000000235f000 Exception <a 'java/security/PrivilegedActionException'> (0x00000000eb983348) thrown at [C:\re\workspace\8-2-build-windows-amd64-cygwin\jdk8u161\10277\hotspot\src\share\vm\prims\jvm.cpp, line 1390]
Event: 0.495 Thread 0x000000000235f000 Exception <a 'java/security/PrivilegedActionException'> (0x00000000eb983558) thrown at [C:\re\workspace\8-2-build-windows-amd64-cygwin\jdk8u161\10277\hotspot\src\share\vm\prims\jvm.cpp, line 1390]
Event: 0.496 Thread 0x000000000235f000 Exception <a 'java/security/PrivilegedActionException'> (0x00000000eb9871c8) thrown at [C:\re\workspace\8-2-build-windows-amd64-cygwin\jdk8u161\10277\hotspot\src\share\vm\prims\jvm.cpp, line 1390]
Event: 0.496 Thread 0x000000000235f000 Exception <a 'java/security/PrivilegedActionException'> (0x00000000eb9873d8) thrown at [C:\re\workspace\8-2-build-windows-amd64-cygwin\jdk8u161\10277\hotspot\src\share\vm\prims\jvm.cpp, line 1390]
Event: 0.496 Thread 0x000000000235f000 Exception <a 'java/lang/NullPointerException'> (0x00000000eb9879b0) thrown at [C:\re\workspace\8-2-build-windows-amd64-cygwin\jdk8u161\10277\hotspot\src\share\vm\interpreter\linkResolver.cpp, line 1185]

Events (10 events):
Event: 1.786 loading class com/sun/prism/impl/TextureResourcePool
Event: 1.786 loading class com/sun/prism/impl/TextureResourcePool done
Event: 1.786 loading class com/sun/prism/impl/ResourcePool
Event: 1.786 loading class com/sun/prism/impl/ResourcePool done
Event: 1.786 loading class com/sun/prism/Presentable
Event: 1.786 loading class com/sun/prism/Presentable done
Event: 1.786 loading class com/sun/prism/PhongMaterial
Event: 1.786 loading class com/sun/prism/PhongMaterial done
Event: 1.786 loading class com/sun/prism/Material
Event: 1.786 loading class com/sun/prism/Material done


Dynamic libraries:
0x000000013f190000 - 0x000000013f1c7000 	C:\Program Files\Java\jre1.8.0_161\bin\javaw.exe
0x0000000077a40000 - 0x0000000077be9000 	C:\Windows\SYSTEM32\ntdll.dll
0x000007feeb210000 - 0x000007feeb244000 	C:\Program Files\AVAST Software\Avast\x64\aswhooka.dll
0x0000000077570000 - 0x000000007768f000 	C:\Windows\system32\kernel32.dll
0x000007fefe100000 - 0x000007fefe16c000 	C:\Windows\system32\KERNELBASE.dll
0x000007fefe6c0000 - 0x000007fefe79b000 	C:\Windows\system32\ADVAPI32.dll
0x000007fefe980000 - 0x000007fefea1f000 	C:\Windows\system32\msvcrt.dll
0x000007fefeb50000 - 0x000007fefeb6f000 	C:\Windows\SYSTEM32\sechost.dll
0x000007fefea20000 - 0x000007fefeb4d000 	C:\Windows\system32\RPCRT4.dll
0x0000000077940000 - 0x0000000077a3a000 	C:\Windows\system32\USER32.dll
0x000007feffbc0000 - 0x000007feffc27000 	C:\Windows\system32\GDI32.dll
0x000007fefe680000 - 0x000007fefe68e000 	C:\Windows\system32\LPK.dll
0x000007fefe270000 - 0x000007fefe339000 	C:\Windows\system32\USP10.dll
0x000007fefc730000 - 0x000007fefc924000 	C:\Windows\WinSxS\amd64_microsoft.windows.common-controls_6595b64144ccf1df_6.0.7601.17514_none_fa396087175ac9ac\COMCTL32.dll
0x000007feffcd0000 - 0x000007feffd41000 	C:\Windows\system32\SHLWAPI.dll
0x000007fefe690000 - 0x000007fefe6be000 	C:\Windows\system32\IMM32.DLL
0x000007feffab0000 - 0x000007feffbb9000 	C:\Windows\system32\MSCTF.dll
0x000007fefde60000 - 0x000007fefde9c000 	C:\Windows\system32\nvinitx.dll
0x00000000705d0000 - 0x00000000706a2000 	C:\Program Files\Java\jre1.8.0_161\bin\msvcr100.dll
0x000000005cdb0000 - 0x000000005d64f000 	C:\Program Files\Java\jre1.8.0_161\bin\server\jvm.dll
0x000007fef69e0000 - 0x000007fef69e9000 	C:\Windows\system32\WSOCK32.dll
0x000007fefebf0000 - 0x000007fefec3d000 	C:\Windows\system32\WS2_32.dll
0x000007fefe5f0000 - 0x000007fefe5f8000 	C:\Windows\system32\NSI.dll
0x000007fefacd0000 - 0x000007fefad0b000 	C:\Windows\system32\WINMM.dll
0x000007fefcdf0000 - 0x000007fefcdfc000 	C:\Windows\system32\VERSION.dll
0x0000000077c10000 - 0x0000000077c17000 	C:\Windows\system32\PSAPI.DLL
0x0000000075290000 - 0x000000007529f000 	C:\Program Files\Java\jre1.8.0_161\bin\verify.dll
0x0000000075260000 - 0x0000000075289000 	C:\Program Files\Java\jre1.8.0_161\bin\java.dll
0x0000000075240000 - 0x0000000075256000 	C:\Program Files\Java\jre1.8.0_161\bin\zip.dll
0x000007fefec40000 - 0x000007feff9c8000 	C:\Windows\system32\SHELL32.dll
0x000007fefe340000 - 0x000007fefe543000 	C:\Windows\system32\ole32.dll
0x000007fefdea0000 - 0x000007fefdeaf000 	C:\Windows\system32\profapi.dll
0x000007fef6590000 - 0x000007fef6593000 	C:\Program Files\Java\jre1.8.0_161\bin\api-ms-win-core-console-l1-1-0.dll
0x000007fef63a0000 - 0x000007fef63a3000 	C:\Program Files\Java\jre1.8.0_161\bin\api-ms-win-core-datetime-l1-1-0.dll
0x000007fef6350000 - 0x000007fef6353000 	C:\Program Files\Java\jre1.8.0_161\bin\api-ms-win-core-debug-l1-1-0.dll
0x000007fef6200000 - 0x000007fef6203000 	C:\Program Files\Java\jre1.8.0_161\bin\api-ms-win-core-errorhandling-l1-1-0.dll
0x000007fef4e60000 - 0x000007fef4e64000 	C:\Program Files\Java\jre1.8.0_161\bin\api-ms-win-core-file-l1-1-0.dll
0x000007fef4e50000 - 0x000007fef4e53000 	C:\Program Files\Java\jre1.8.0_161\bin\api-ms-win-core-file-l1-2-0.dll
0x000007fef4d70000 - 0x000007fef4d73000 	C:\Program Files\Java\jre1.8.0_161\bin\api-ms-win-core-file-l2-1-0.dll
0x000007fef4cd0000 - 0x000007fef4cd3000 	C:\Program Files\Java\jre1.8.0_161\bin\api-ms-win-core-handle-l1-1-0.dll
0x000007fef4cc0000 - 0x000007fef4cc3000 	C:\Program Files\Java\jre1.8.0_161\bin\api-ms-win-core-heap-l1-1-0.dll
0x000007fef4cb0000 - 0x000007fef4cb3000 	C:\Program Files\Java\jre1.8.0_161\bin\api-ms-win-core-interlocked-l1-1-0.dll
0x000007fef4ca0000 - 0x000007fef4ca3000 	C:\Program Files\Java\jre1.8.0_161\bin\api-ms-win-core-libraryloader-l1-1-0.dll
0x000007fef4280000 - 0x000007fef4283000 	C:\Program Files\Java\jre1.8.0_161\bin\api-ms-win-core-localization-l1-2-0.dll
0x000007fef1350000 - 0x000007fef1353000 	C:\Program Files\Java\jre1.8.0_161\bin\api-ms-win-core-memory-l1-1-0.dll
0x000007fef1340000 - 0x000007fef1343000 	C:\Program Files\Java\jre1.8.0_161\bin\api-ms-win-core-namedpipe-l1-1-0.dll
0x000007fef1330000 - 0x000007fef1333000 	C:\Program Files\Java\jre1.8.0_161\bin\api-ms-win-core-processenvironment-l1-1-0.dll
0x000007fef0fe0000 - 0x000007fef0fe3000 	C:\Program Files\Java\jre1.8.0_161\bin\api-ms-win-core-processthreads-l1-1-0.dll
0x000007fef0fd0000 - 0x000007fef0fd3000 	C:\Program Files\Java\jre1.8.0_161\bin\api-ms-win-core-processthreads-l1-1-1.dll
0x000007feee290000 - 0x000007feee293000 	C:\Program Files\Java\jre1.8.0_161\bin\api-ms-win-core-profile-l1-1-0.dll
0x000007feee280000 - 0x000007feee283000 	C:\Program Files\Java\jre1.8.0_161\bin\api-ms-win-core-rtlsupport-l1-1-0.dll
0x000007feee270000 - 0x000007feee273000 	C:\Program Files\Java\jre1.8.0_161\bin\api-ms-win-core-string-l1-1-0.dll
0x000007feeca90000 - 0x000007feeca93000 	C:\Program Files\Java\jre1.8.0_161\bin\api-ms-win-core-synch-l1-1-0.dll
0x000007feec680000 - 0x000007feec683000 	C:\Program Files\Java\jre1.8.0_161\bin\api-ms-win-core-synch-l1-2-0.dll
0x000007feebd10000 - 0x000007feebd13000 	C:\Program Files\Java\jre1.8.0_161\bin\api-ms-win-core-sysinfo-l1-1-0.dll
0x000007feebd00000 - 0x000007feebd03000 	C:\Program Files\Java\jre1.8.0_161\bin\api-ms-win-core-timezone-l1-1-0.dll
0x000007feebcf0000 - 0x000007feebcf3000 	C:\Program Files\Java\jre1.8.0_161\bin\api-ms-win-core-util-l1-1-0.dll
0x000007feebce0000 - 0x000007feebce3000 	C:\Program Files\Java\jre1.8.0_161\bin\api-ms-win-crt-conio-l1-1-0.dll
0x000007feebcd0000 - 0x000007feebcd4000 	C:\Program Files\Java\jre1.8.0_161\bin\api-ms-win-crt-convert-l1-1-0.dll
0x000007feebcc0000 - 0x000007feebcc3000 	C:\Program Files\Java\jre1.8.0_161\bin\api-ms-win-crt-environment-l1-1-0.dll
0x000007feebcb0000 - 0x000007feebcb3000 	C:\Program Files\Java\jre1.8.0_161\bin\api-ms-win-crt-filesystem-l1-1-0.dll
0x000007feeb8a0000 - 0x000007feeb8a3000 	C:\Program Files\Java\jre1.8.0_161\bin\api-ms-win-crt-heap-l1-1-0.dll
0x000007feeb830000 - 0x000007feeb833000 	C:\Program Files\Java\jre1.8.0_161\bin\api-ms-win-crt-locale-l1-1-0.dll
0x000007feeb820000 - 0x000007feeb825000 	C:\Program Files\Java\jre1.8.0_161\bin\api-ms-win-crt-math-l1-1-0.dll
0x000007feeb800000 - 0x000007feeb805000 	C:\Program Files\Java\jre1.8.0_161\bin\api-ms-win-crt-multibyte-l1-1-0.dll
0x000007feeb600000 - 0x000007feeb610000 	C:\Program Files\Java\jre1.8.0_161\bin\api-ms-win-crt-private-l1-1-0.dll
0x000007feeb260000 - 0x000007feeb263000 	C:\Program Files\Java\jre1.8.0_161\bin\api-ms-win-crt-process-l1-1-0.dll
0x000007feeb250000 - 0x000007feeb254000 	C:\Program Files\Java\jre1.8.0_161\bin\api-ms-win-crt-runtime-l1-1-0.dll
0x000007feeaf30000 - 0x000007feeaf34000 	C:\Program Files\Java\jre1.8.0_161\bin\api-ms-win-crt-stdio-l1-1-0.dll
0x000007feeaef0000 - 0x000007feeaef4000 	C:\Program Files\Java\jre1.8.0_161\bin\api-ms-win-crt-string-l1-1-0.dll
0x000007feeadf0000 - 0x000007feeadf3000 	C:\Program Files\Java\jre1.8.0_161\bin\api-ms-win-crt-time-l1-1-0.dll
0x000007feeade0000 - 0x000007feeade3000 	C:\Program Files\Java\jre1.8.0_161\bin\api-ms-win-crt-utility-l1-1-0.dll
0x000007fee6e00000 - 0x000007fee6ef6000 	C:\Program Files\Java\jre1.8.0_161\bin\ucrtbase.dll
0x000007fee8e90000 - 0x000007fee8ee1000 	C:\Program Files\Java\jre1.8.0_161\bin\concrt140.dll
0x000007fee6990000 - 0x000007fee6a2c000 	C:\Program Files\Java\jre1.8.0_161\bin\MSVCP140.dll
0x000007feeadc0000 - 0x000007feeadd6000 	C:\Program Files\Java\jre1.8.0_161\bin\VCRUNTIME140.dll
0x0000000074bf0000 - 0x0000000074c13000 	C:\Program Files\Java\jre1.8.0_161\bin\prism_d3d.dll
0x000007fee5920000 - 0x000007fee5b1f000 	C:\Windows\system32\d3d9.dll
0x000007fee9e60000 - 0x000007fee9e67000 	C:\Windows\system32\d3d8thk.dll
0x000007fefbb30000 - 0x000007fefbb48000 	C:\Windows\system32\dwmapi.dll
0x000007fefc420000 - 0x000007fefc476000 	C:\Windows\system32\uxtheme.dll
0x0000000180000000 - 0x0000000180738000 	C:\Windows\system32\igdumd64.dll
0x00000000711d0000 - 0x0000000071219000 	C:\Program Files\Java\jre1.8.0_161\bin\glass.dll
0x000007fefe550000 - 0x000007fefe5e7000 	C:\Windows\system32\COMDLG32.dll
0x000007feff9d0000 - 0x000007feffaa7000 	C:\Windows\system32\OLEAUT32.dll
0x000007fefdd50000 - 0x000007fefdd5f000 	C:\Windows\system32\CRYPTBASE.dll
0x000007fef4920000 - 0x000007fef4a45000 	C:\Windows\system32\dbghelp.dll

VM Arguments:
jvm_args: -Dfile.encoding=Cp1251 
java_command: application.Main
java_class_path (initial): C:\Program Files\Java\jre1.8.0_161\lib\resources.jar;C:\Program Files\Java\jre1.8.0_161\lib\rt.jar;C:\Program Files\Java\jre1.8.0_161\lib\jsse.jar;C:\Program Files\Java\jre1.8.0_161\lib\jce.jar;C:\Program Files\Java\jre1.8.0_161\lib\charsets.jar;C:\Program Files\Java\jre1.8.0_161\lib\jfr.jar;C:\Program Files\Java\jre1.8.0_161\lib\ext\access-bridge-64.jar;C:\Program Files\Java\jre1.8.0_161\lib\ext\cldrdata.jar;C:\Program Files\Java\jre1.8.0_161\lib\ext\dnsns.jar;C:\Program Files\Java\jre1.8.0_161\lib\ext\jaccess.jar;C:\Program Files\Java\jre1.8.0_161\lib\ext\jfxrt.jar;C:\Program Files\Java\jre1.8.0_161\lib\ext\localedata.jar;C:\Program Files\Java\jre1.8.0_161\lib\ext\nashorn.jar;C:\Program Files\Java\jre1.8.0_161\lib\ext\sunec.jar;C:\Program Files\Java\jre1.8.0_161\lib\ext\sunjce_provider.jar;C:\Program Files\Java\jre1.8.0_161\lib\ext\sunmscapi.jar;C:\Program Files\Java\jre1.8.0_161\lib\ext\sunpkcs11.jar;C:\Program Files\Java\jre1.8.0_161\lib\ext\zipfs.jar;C:\Users\Оксана\eclipse-workspace\laba2\bin;C:\Users\Оксана\.p2\pool\plugins\org.eclipse.fx.ide.css.jfx8_2.4.0.201605112122.jar
Launcher Type: SUN_STANDARD

Environment Variables:
PATH=C:/Program Files/Java/jre1.8.0_161/bin/server;C:/Program Files/Java/jre1.8.0_161/bin;C:/Program Files/Java/jre1.8.0_161/lib/amd64;C:\ProgramData\Oracle\Java\javapath;C:\Program Files (x86)\Common Files\Intel\Shared Files\cpp\bin\Intel64;C:\Program Files\Broadcom\Broadcom 802.11 Network Adapter\Driver;;;C:\Windows\system32;C:\Windows;C:\Windows\System32\Wbem;C:\Windows\System32\WindowsPowerShell\v1.0\;C:\Program Files (x86)\Microsoft SQL Server\100\Tools\Binn\;C:\Program Files\Microsoft SQL Server\100\Tools\Binn\;C:\Program Files\Microsoft SQL Server\100\DTS\Binn\;C:\Program Files (x86)\Skype\Phone\C:\Program Files (x86)\Java\jre1.8.0_161\bin;;D:\с иммитатор\Desktop;
USERNAME=Оксана
OS=Windows_NT
PROCESSOR_IDENTIFIER=Intel64 Family 6 Model 42 Stepping 7, GenuineIntel



---------------  S Y S T E M  ---------------

OS: Windows 7 , 64 bit Build 7601 (6.1.7601.17651)

CPU:total 4 (initial active 4) (2 cores per cpu, 2 threads per core) family 6 model 42 stepping 7, cmov, cx8, fxsr, mmx, sse, sse2, sse3, ssse3, sse4.1, sse4.2, popcnt, avx, clmul, ht, tsc, tscinvbit

Memory: 4k page, physical 4042608k(404928k free), swap 4040760k(9892k free)

vm_info: Java HotSpot(TM) 64-Bit Server VM (25.161-b12) for windows-amd64 JRE (1.8.0_161-b12), built on Dec 19 2017 17:52:25 by "java_re" with MS VC++ 10.0 (VS2010)

time: Fri Mar 16 22:57:57 2018
elapsed time: 2 seconds (0d 0h 0m 2s)

