#
# There is insufficient memory for the Java Runtime Environment to continue.
# Native memory allocation (malloc) failed to allocate 32744 bytes for ChunkPool::allocate
# Possible reasons:
#   The system is out of physical RAM or swap space
#   In 32 bit mode, the process size limit was hit
# Possible solutions:
#   Reduce memory load on the system
#   Increase physical memory or swap space
#   Check if swap backing store is full
#   Use 64 bit Java on a 64 bit OS
#   Decrease Java heap size (-Xmx/-Xms)
#   Decrease number of Java threads
#   Decrease Java thread stack sizes (-Xss)
#   Set larger code cache with -XX:ReservedCodeCacheSize=
# This output file may be truncated or incomplete.
#
#  Out of Memory Error (allocation.cpp:273), pid=3596, tid=0x0000000000001dd8
#
# JRE version: Java(TM) SE Runtime Environment (8.0_161-b12) (build 1.8.0_161-b12)
# Java VM: Java HotSpot(TM) 64-Bit Server VM (25.161-b12 mixed mode windows-amd64 compressed oops)
# Failed to write core dump. Minidumps are not enabled by default on client versions of Windows
#

---------------  T H R E A D  ---------------

Current thread (0x000000005537a800):  JavaThread "C2 CompilerThread0" daemon [_thread_in_native, id=7640, stack(0x0000000056e90000,0x0000000056f90000)]

Stack: [0x0000000056e90000,0x0000000056f90000]
[error occurred during error reporting (printing stack bounds), id 0xc0000005]

Native frames: (J=compiled Java code, j=interpreted, Vv=VM code, C=native code)


Current CompileTask:
C2:   1592  745   !   4       sun.misc.URLClassPath$JarLoader::getResource (85 bytes)


---------------  P R O C E S S  ---------------

Java Threads: ( => current thread )
  0x0000000057676800 JavaThread "Prism Font Disposer" daemon [_thread_in_vm, id=5092, stack(0x000000005cbb0000,0x000000005ccb0000)]
  0x0000000057531000 JavaThread "JavaFX-Launcher" [_thread_blocked, id=5240, stack(0x0000000058830000,0x0000000058930000)]
  0x0000000057530800 JavaThread "Thread-2" daemon [_thread_in_native, id=7628, stack(0x0000000058680000,0x0000000058780000)]
  0x00000000574bf800 JavaThread "JavaFX Application Thread" [_thread_in_vm, id=6512, stack(0x00000000583f0000,0x00000000584f0000)]
  0x00000000574bc000 JavaThread "Thread-1" daemon [_thread_blocked, id=7480, stack(0x00000000581b0000,0x00000000582b0000)]
  0x0000000056e05800 JavaThread "QuantumRenderer-0" daemon [_thread_blocked, id=5916, stack(0x0000000057d70000,0x0000000057e70000)]
  0x0000000056ad5000 JavaThread "Service Thread" daemon [_thread_blocked, id=7192, stack(0x00000000573a0000,0x00000000574a0000)]
  0x0000000056a74000 JavaThread "C1 CompilerThread2" daemon [_thread_in_vm, id=4400, stack(0x0000000057240000,0x0000000057340000)]
  0x0000000056a6b000 JavaThread "C2 CompilerThread1" daemon [_thread_in_native, id=2756, stack(0x0000000057040000,0x0000000057140000)]
=>0x000000005537a800 JavaThread "C2 CompilerThread0" daemon [_thread_in_native, id=7640, stack(0x0000000056e90000,0x0000000056f90000)]
  0x0000000055375000 JavaThread "Attach Listener" daemon [_thread_blocked, id=7380, stack(0x0000000056960000,0x0000000056a60000)]
  0x0000000055372000 JavaThread "Signal Dispatcher" daemon [_thread_blocked, id=5132, stack(0x00000000566d0000,0x00000000567d0000)]
  0x000000005535d800 JavaThread "Finalizer" daemon [_thread_blocked, id=7792, stack(0x0000000056540000,0x0000000056640000)]
  0x0000000055314800 JavaThread "Reference Handler" daemon [_thread_blocked, id=2768, stack(0x0000000056340000,0x0000000056440000)]
  0x000000000019f000 JavaThread "main" [_thread_blocked, id=1848, stack(0x00000000025d0000,0x00000000026d0000)]

Other Threads:
  0x000000005530d000 VMThread [stack: 0x0000000056230000,0x0000000056330000] [id=2148]
  0x0000000056b05000 WatcherThread [stack: 0x0000000056820000,0x0000000056920000] [id=4584]

VM state:not at safepoint (normal execution)

VM Mutex/Monitor currently owned by a thread: None

Heap:
 PSYoungGen      total 18432K, used 6524K [0x00000000eb700000, 0x00000000ecb80000, 0x0000000100000000)
  eden space 15872K, 27% used [0x00000000eb700000,0x00000000ebb37360,0x00000000ec680000)
  from space 2560K, 86% used [0x00000000ec680000,0x00000000ec8a8020,0x00000000ec900000)
  to   space 2560K, 0% used [0x00000000ec900000,0x00000000ec900000,0x00000000ecb80000)
 ParOldGen       total 42496K, used 8K [0x00000000c2400000, 0x00000000c4d80000, 0x00000000eb700000)
  object space 42496K, 0% used [0x00000000c2400000,0x00000000c2402000,0x00000000c4d80000)
 Metaspace       used 10857K, capacity 11370K, committed 11392K, reserved 1058816K
  class space    used 1537K, capacity 1660K, committed 1664K, reserved 1048576K

Card table byte_map: [0x0000000011d60000,0x0000000011f50000] byte_map_base: 0x000000001174e000

Marking Bits: (ParMarkBitMap*) 0x000000005d5cf860
 Begin Bits: [0x00000000128b0000, 0x0000000013820000)
 End Bits:   [0x0000000013820000, 0x0000000014790000)

Polling page: 0x0000000000150000

CodeCache: size=245760Kb used=2951Kb max_used=2951Kb free=242808Kb
 bounds [0x00000000029a0000, 0x0000000002c90000, 0x00000000119a0000]
 total_blobs=1260 nmethods=759 adapters=413
 compilation: enabled

Compilation events (10 events):
Event: 1.582 Thread 0x0000000056a6b000  755       4       java.lang.String::equalsIgnoreCase (48 bytes)
Event: 1.589 Thread 0x0000000056a74000  764       1       javafx.scene.CssStyleHelper$CacheContainer::access$600 (5 bytes)
Event: 1.589 Thread 0x0000000056a74000 nmethod 764 0x0000000002c7a2d0 code [0x0000000002c7a420, 0x0000000002c7a510]
Event: 1.589 Thread 0x0000000056a74000  762       1       javafx.css.CssMetaData::getConverter (5 bytes)
Event: 1.589 Thread 0x0000000056a74000 nmethod 762 0x0000000002c81450 code [0x0000000002c815a0, 0x0000000002c816b0]
Event: 1.589 Thread 0x0000000056a74000  763       1       javafx.css.CssMetaData::getSubProperties (5 bytes)
Event: 1.589 Thread 0x0000000056a74000 nmethod 763 0x0000000002c81710 code [0x0000000002c81860, 0x0000000002c81970]
Event: 1.589 Thread 0x0000000056a74000  765       3       java.util.ArrayList::add (54 bytes)
Event: 1.590 Thread 0x0000000056a74000 nmethod 765 0x0000000002c819d0 code [0x0000000002c81bc0, 0x0000000002c823f8]
Event: 1.590 Thread 0x0000000056a74000  770       3       com.sun.javafx.css.StyleMap::getCascadingStyles (404 bytes)

GC Heap History (2 events):
Event: 1.159 GC heap before
{Heap before GC invocations=1 (full 0):
 PSYoungGen      total 18432K, used 15872K [0x00000000eb700000, 0x00000000ecb80000, 0x0000000100000000)
  eden space 15872K, 100% used [0x00000000eb700000,0x00000000ec680000,0x00000000ec680000)
  from space 2560K, 0% used [0x00000000ec900000,0x00000000ec900000,0x00000000ecb80000)
  to   space 2560K, 0% used [0x00000000ec680000,0x00000000ec680000,0x00000000ec900000)
 ParOldGen       total 42496K, used 0K [0x00000000c2400000, 0x00000000c4d80000, 0x00000000eb700000)
  object space 42496K, 0% used [0x00000000c2400000,0x00000000c2400000,0x00000000c4d80000)
 Metaspace       used 9208K, capacity 9720K, committed 9856K, reserved 1058816K
  class space    used 1265K, capacity 1378K, committed 1408K, reserved 1048576K
Event: 1.167 GC heap after
Heap after GC invocations=1 (full 0):
 PSYoungGen      total 18432K, used 2208K [0x00000000eb700000, 0x00000000ecb80000, 0x0000000100000000)
  eden space 15872K, 0% used [0x00000000eb700000,0x00000000eb700000,0x00000000ec680000)
  from space 2560K, 86% used [0x00000000ec680000,0x00000000ec8a8020,0x00000000ec900000)
  to   space 2560K, 0% used [0x00000000ec900000,0x00000000ec900000,0x00000000ecb80000)
 ParOldGen       total 42496K, used 8K [0x00000000c2400000, 0x00000000c4d80000, 0x00000000eb700000)
  object space 42496K, 0% used [0x00000000c2400000,0x00000000c2402000,0x00000000c4d80000)
 Metaspace       used 9208K, capacity 9720K, committed 9856K, reserved 1058816K
  class space    used 1265K, capacity 1378K, committed 1408K, reserved 1048576K
}

Deoptimization events (10 events):
Event: 1.118 Thread 0x00000000574bf800 Uncommon trap: reason=unstable_if action=reinterpret pc=0x0000000002c19034 method=java.util.HashMap.getNode(ILjava/lang/Object;)Ljava/util/HashMap$Node; @ 84
Event: 1.118 Thread 0x00000000574bf800 Uncommon trap: reason=unstable_if action=reinterpret pc=0x0000000002c1313c method=java.util.HashMap.getNode(ILjava/lang/Object;)Ljava/util/HashMap$Node; @ 84
Event: 1.514 Thread 0x00000000574bf800 Uncommon trap: reason=class_check action=maybe_recompile pc=0x0000000002c16cd0 method=java.io.DataInputStream.readShort()S @ 4
Event: 1.515 Thread 0x00000000574bf800 Uncommon trap: reason=class_check action=maybe_recompile pc=0x0000000002c16cd0 method=java.io.DataInputStream.readShort()S @ 4
Event: 1.516 Thread 0x00000000574bf800 Uncommon trap: reason=class_check action=maybe_recompile pc=0x0000000002c16cd0 method=java.io.DataInputStream.readShort()S @ 4
Event: 1.516 Thread 0x00000000574bf800 Uncommon trap: reason=class_check action=maybe_recompile pc=0x0000000002c16cd0 method=java.io.DataInputStream.readShort()S @ 4
Event: 1.535 Thread 0x00000000574bf800 Uncommon trap: reason=class_check action=maybe_recompile pc=0x0000000002abb498 method=java.lang.String.equals(Ljava/lang/Object;)Z @ 8
Event: 1.535 Thread 0x00000000574bf800 Uncommon trap: reason=class_check action=maybe_recompile pc=0x0000000002abb498 method=java.lang.String.equals(Ljava/lang/Object;)Z @ 8
Event: 1.535 Thread 0x00000000574bf800 Uncommon trap: reason=class_check action=maybe_recompile pc=0x0000000002abb498 method=java.lang.String.equals(Ljava/lang/Object;)Z @ 8
Event: 1.591 Thread 0x00000000574bf800 Uncommon trap: reason=class_check action=maybe_recompile pc=0x0000000002abb498 method=java.lang.String.equals(Ljava/lang/Object;)Z @ 8

Classes redefined (0 events):
No events

Internal exceptions (10 events):
Event: 0.171 Thread 0x000000000019f000 Exception <a 'java/io/FileNotFoundException'> (0x00000000eb75e058) thrown at [C:\re\workspace\8-2-build-windows-amd64-cygwin\jdk8u161\10277\hotspot\src\share\vm\prims\jni.cpp, line 709]
Event: 0.304 Thread 0x000000000019f000 Exception <a 'java/lang/NoSuchFieldError': method resolution failed> (0x00000000eb8ed7d8) thrown at [C:\re\workspace\8-2-build-windows-amd64-cygwin\jdk8u161\10277\hotspot\src\share\vm\prims\methodHandles.cpp, line 1167]
Event: 0.307 Thread 0x000000000019f000 Exception <a 'java/lang/NoSuchFieldError': method resolution failed> (0x00000000eb8fab28) thrown at [C:\re\workspace\8-2-build-windows-amd64-cygwin\jdk8u161\10277\hotspot\src\share\vm\prims\methodHandles.cpp, line 1167]
Event: 0.337 Thread 0x000000000019f000 Exception <a 'java/security/PrivilegedActionException'> (0x00000000eb983348) thrown at [C:\re\workspace\8-2-build-windows-amd64-cygwin\jdk8u161\10277\hotspot\src\share\vm\prims\jvm.cpp, line 1390]
Event: 0.337 Thread 0x000000000019f000 Exception <a 'java/security/PrivilegedActionException'> (0x00000000eb983558) thrown at [C:\re\workspace\8-2-build-windows-amd64-cygwin\jdk8u161\10277\hotspot\src\share\vm\prims\jvm.cpp, line 1390]
Event: 0.338 Thread 0x000000000019f000 Exception <a 'java/security/PrivilegedActionException'> (0x00000000eb9871c8) thrown at [C:\re\workspace\8-2-build-windows-amd64-cygwin\jdk8u161\10277\hotspot\src\share\vm\prims\jvm.cpp, line 1390]
Event: 0.338 Thread 0x000000000019f000 Exception <a 'java/security/PrivilegedActionException'> (0x00000000eb9873d8) thrown at [C:\re\workspace\8-2-build-windows-amd64-cygwin\jdk8u161\10277\hotspot\src\share\vm\prims\jvm.cpp, line 1390]
Event: 0.338 Thread 0x000000000019f000 Exception <a 'java/lang/NullPointerException'> (0x00000000eb9879b0) thrown at [C:\re\workspace\8-2-build-windows-amd64-cygwin\jdk8u161\10277\hotspot\src\share\vm\interpreter\linkResolver.cpp, line 1185]
Event: 0.843 Thread 0x00000000574bf800 Exception <a 'java/lang/NullPointerException'> (0x00000000ec086638) thrown at [C:\re\workspace\8-2-build-windows-amd64-cygwin\jdk8u161\10277\hotspot\src\share\vm\interpreter\linkResolver.cpp, line 1185]
Event: 0.843 Thread 0x00000000574bf800 Exception <a 'java/lang/NullPointerException'> (0x00000000ec086638) thrown at [C:\re\workspace\8-2-build-windows-amd64-cygwin\jdk8u161\10277\hotspot\src\share\vm\prims\jvm.cpp, line 1394]

Events (10 events):
Event: 1.585 loading class javafx/css/SimpleStyleableObjectProperty done
Event: 1.585 loading class com/sun/javafx/scene/control/Logging
Event: 1.585 loading class com/sun/javafx/scene/control/Logging done
Event: 1.586 loading class javafx/scene/control/SkinBase$StyleableProperties
Event: 1.586 loading class javafx/scene/control/SkinBase$StyleableProperties done
Event: 1.587 loading class javafx/scene/Group
Event: 1.587 loading class javafx/scene/Group done
Event: 1.591 Thread 0x00000000574bf800 Uncommon trap: trap_request=0xffffffde fr.pc=0x0000000002abb498
Event: 1.591 Thread 0x00000000574bf800 DEOPT PACKING pc=0x0000000002abb498 sp=0x00000000584ecf20
Event: 1.591 Thread 0x00000000574bf800 DEOPT UNPACKING pc=0x00000000029e583b sp=0x00000000584eceb0 mode 2


Dynamic libraries:
0x000000013f0b0000 - 0x000000013f0e7000 	C:\Program Files\Java\jre1.8.0_161\bin\javaw.exe
0x0000000077a40000 - 0x0000000077be9000 	C:\Windows\SYSTEM32\ntdll.dll
0x000007feeb210000 - 0x000007feeb244000 	C:\Program Files\AVAST Software\Avast\x64\aswhooka.dll
0x0000000077570000 - 0x000000007768f000 	C:\Windows\system32\kernel32.dll
0x000007fefe100000 - 0x000007fefe16c000 	C:\Windows\system32\KERNELBASE.dll
0x000007fefe6c0000 - 0x000007fefe79b000 	C:\Windows\system32\ADVAPI32.dll
0x000007fefe980000 - 0x000007fefea1f000 	C:\Windows\system32\msvcrt.dll
0x000007fefeb50000 - 0x000007fefeb6f000 	C:\Windows\SYSTEM32\sechost.dll
0x000007fefea20000 - 0x000007fefeb4d000 	C:\Windows\system32\RPCRT4.dll
0x0000000077940000 - 0x0000000077a3a000 	C:\Windows\system32\USER32.dll
0x000007feffbc0000 - 0x000007feffc27000 	C:\Windows\system32\GDI32.dll
0x000007fefe680000 - 0x000007fefe68e000 	C:\Windows\system32\LPK.dll
0x000007fefe270000 - 0x000007fefe339000 	C:\Windows\system32\USP10.dll
0x000007fefc730000 - 0x000007fefc924000 	C:\Windows\WinSxS\amd64_microsoft.windows.common-controls_6595b64144ccf1df_6.0.7601.17514_none_fa396087175ac9ac\COMCTL32.dll
0x000007feffcd0000 - 0x000007feffd41000 	C:\Windows\system32\SHLWAPI.dll
0x000007fefe690000 - 0x000007fefe6be000 	C:\Windows\system32\IMM32.DLL
0x000007feffab0000 - 0x000007feffbb9000 	C:\Windows\system32\MSCTF.dll
0x000007fefde60000 - 0x000007fefde9c000 	C:\Windows\system32\nvinitx.dll
0x00000000705d0000 - 0x00000000706a2000 	C:\Program Files\Java\jre1.8.0_161\bin\msvcr100.dll
0x000000005cdb0000 - 0x000000005d64f000 	C:\Program Files\Java\jre1.8.0_161\bin\server\jvm.dll
0x000007fef69e0000 - 0x000007fef69e9000 	C:\Windows\system32\WSOCK32.dll
0x000007fefebf0000 - 0x000007fefec3d000 	C:\Windows\system32\WS2_32.dll
0x000007fefe5f0000 - 0x000007fefe5f8000 	C:\Windows\system32\NSI.dll
0x000007fefacd0000 - 0x000007fefad0b000 	C:\Windows\system32\WINMM.dll
0x000007fefcdf0000 - 0x000007fefcdfc000 	C:\Windows\system32\VERSION.dll
0x0000000077c10000 - 0x0000000077c17000 	C:\Windows\system32\PSAPI.DLL
0x0000000075290000 - 0x000000007529f000 	C:\Program Files\Java\jre1.8.0_161\bin\verify.dll
0x0000000075260000 - 0x0000000075289000 	C:\Program Files\Java\jre1.8.0_161\bin\java.dll
0x0000000075240000 - 0x0000000075256000 	C:\Program Files\Java\jre1.8.0_161\bin\zip.dll
0x000007fefec40000 - 0x000007feff9c8000 	C:\Windows\system32\SHELL32.dll
0x000007fefe340000 - 0x000007fefe543000 	C:\Windows\system32\ole32.dll
0x000007fefdea0000 - 0x000007fefdeaf000 	C:\Windows\system32\profapi.dll
0x000007fef69d0000 - 0x000007fef69d3000 	C:\Program Files\Java\jre1.8.0_161\bin\api-ms-win-core-console-l1-1-0.dll
0x000007fef69b0000 - 0x000007fef69b3000 	C:\Program Files\Java\jre1.8.0_161\bin\api-ms-win-core-datetime-l1-1-0.dll
0x000007fef6620000 - 0x000007fef6623000 	C:\Program Files\Java\jre1.8.0_161\bin\api-ms-win-core-debug-l1-1-0.dll
0x000007fef6590000 - 0x000007fef6593000 	C:\Program Files\Java\jre1.8.0_161\bin\api-ms-win-core-errorhandling-l1-1-0.dll
0x000007fef63a0000 - 0x000007fef63a4000 	C:\Program Files\Java\jre1.8.0_161\bin\api-ms-win-core-file-l1-1-0.dll
0x000007fef6350000 - 0x000007fef6353000 	C:\Program Files\Java\jre1.8.0_161\bin\api-ms-win-core-file-l1-2-0.dll
0x000007fef62f0000 - 0x000007fef62f3000 	C:\Program Files\Java\jre1.8.0_161\bin\api-ms-win-core-file-l2-1-0.dll
0x000007fef62e0000 - 0x000007fef62e3000 	C:\Program Files\Java\jre1.8.0_161\bin\api-ms-win-core-handle-l1-1-0.dll
0x000007fef6200000 - 0x000007fef6203000 	C:\Program Files\Java\jre1.8.0_161\bin\api-ms-win-core-heap-l1-1-0.dll
0x000007fef4e60000 - 0x000007fef4e63000 	C:\Program Files\Java\jre1.8.0_161\bin\api-ms-win-core-interlocked-l1-1-0.dll
0x000007fef4e50000 - 0x000007fef4e53000 	C:\Program Files\Java\jre1.8.0_161\bin\api-ms-win-core-libraryloader-l1-1-0.dll
0x000007fef4d70000 - 0x000007fef4d73000 	C:\Program Files\Java\jre1.8.0_161\bin\api-ms-win-core-localization-l1-2-0.dll
0x000007fef4cd0000 - 0x000007fef4cd3000 	C:\Program Files\Java\jre1.8.0_161\bin\api-ms-win-core-memory-l1-1-0.dll
0x000007fef4cc0000 - 0x000007fef4cc3000 	C:\Program Files\Java\jre1.8.0_161\bin\api-ms-win-core-namedpipe-l1-1-0.dll
0x000007fef4cb0000 - 0x000007fef4cb3000 	C:\Program Files\Java\jre1.8.0_161\bin\api-ms-win-core-processenvironment-l1-1-0.dll
0x000007fef4ca0000 - 0x000007fef4ca3000 	C:\Program Files\Java\jre1.8.0_161\bin\api-ms-win-core-processthreads-l1-1-0.dll
0x000007fef4280000 - 0x000007fef4283000 	C:\Program Files\Java\jre1.8.0_161\bin\api-ms-win-core-processthreads-l1-1-1.dll
0x000007fef1350000 - 0x000007fef1353000 	C:\Program Files\Java\jre1.8.0_161\bin\api-ms-win-core-profile-l1-1-0.dll
0x000007fef1340000 - 0x000007fef1343000 	C:\Program Files\Java\jre1.8.0_161\bin\api-ms-win-core-rtlsupport-l1-1-0.dll
0x000007fef1330000 - 0x000007fef1333000 	C:\Program Files\Java\jre1.8.0_161\bin\api-ms-win-core-string-l1-1-0.dll
0x000007fef0fe0000 - 0x000007fef0fe3000 	C:\Program Files\Java\jre1.8.0_161\bin\api-ms-win-core-synch-l1-1-0.dll
0x000007fef0fd0000 - 0x000007fef0fd3000 	C:\Program Files\Java\jre1.8.0_161\bin\api-ms-win-core-synch-l1-2-0.dll
0x000007fef00c0000 - 0x000007fef00c3000 	C:\Program Files\Java\jre1.8.0_161\bin\api-ms-win-core-sysinfo-l1-1-0.dll
0x000007fef00b0000 - 0x000007fef00b3000 	C:\Program Files\Java\jre1.8.0_161\bin\api-ms-win-core-timezone-l1-1-0.dll
0x000007fef00a0000 - 0x000007fef00a3000 	C:\Program Files\Java\jre1.8.0_161\bin\api-ms-win-core-util-l1-1-0.dll
0x000007fef0090000 - 0x000007fef0093000 	C:\Program Files\Java\jre1.8.0_161\bin\api-ms-win-crt-conio-l1-1-0.dll
0x000007fef0080000 - 0x000007fef0084000 	C:\Program Files\Java\jre1.8.0_161\bin\api-ms-win-crt-convert-l1-1-0.dll
0x000007feee340000 - 0x000007feee343000 	C:\Program Files\Java\jre1.8.0_161\bin\api-ms-win-crt-environment-l1-1-0.dll
0x000007feee330000 - 0x000007feee333000 	C:\Program Files\Java\jre1.8.0_161\bin\api-ms-win-crt-filesystem-l1-1-0.dll
0x000007feee320000 - 0x000007feee323000 	C:\Program Files\Java\jre1.8.0_161\bin\api-ms-win-crt-heap-l1-1-0.dll
0x000007feee310000 - 0x000007feee313000 	C:\Program Files\Java\jre1.8.0_161\bin\api-ms-win-crt-locale-l1-1-0.dll
0x000007feee290000 - 0x000007feee295000 	C:\Program Files\Java\jre1.8.0_161\bin\api-ms-win-crt-math-l1-1-0.dll
0x000007feee280000 - 0x000007feee285000 	C:\Program Files\Java\jre1.8.0_161\bin\api-ms-win-crt-multibyte-l1-1-0.dll
0x000007feee270000 - 0x000007feee280000 	C:\Program Files\Java\jre1.8.0_161\bin\api-ms-win-crt-private-l1-1-0.dll
0x000007feeca90000 - 0x000007feeca93000 	C:\Program Files\Java\jre1.8.0_161\bin\api-ms-win-crt-process-l1-1-0.dll
0x000007feec680000 - 0x000007feec684000 	C:\Program Files\Java\jre1.8.0_161\bin\api-ms-win-crt-runtime-l1-1-0.dll
0x000007feebd10000 - 0x000007feebd14000 	C:\Program Files\Java\jre1.8.0_161\bin\api-ms-win-crt-stdio-l1-1-0.dll
0x000007feebd00000 - 0x000007feebd04000 	C:\Program Files\Java\jre1.8.0_161\bin\api-ms-win-crt-string-l1-1-0.dll
0x000007feebcf0000 - 0x000007feebcf3000 	C:\Program Files\Java\jre1.8.0_161\bin\api-ms-win-crt-time-l1-1-0.dll
0x000007feebce0000 - 0x000007feebce3000 	C:\Program Files\Java\jre1.8.0_161\bin\api-ms-win-crt-utility-l1-1-0.dll
0x000007fee7550000 - 0x000007fee7646000 	C:\Program Files\Java\jre1.8.0_161\bin\ucrtbase.dll
0x000007fee8e90000 - 0x000007fee8ee1000 	C:\Program Files\Java\jre1.8.0_161\bin\concrt140.dll
0x000007fee7220000 - 0x000007fee72bc000 	C:\Program Files\Java\jre1.8.0_161\bin\MSVCP140.dll
0x000007feebcc0000 - 0x000007feebcd6000 	C:\Program Files\Java\jre1.8.0_161\bin\VCRUNTIME140.dll
0x0000000074170000 - 0x0000000074193000 	C:\Program Files\Java\jre1.8.0_161\bin\prism_d3d.dll
0x000007fee6830000 - 0x000007fee6a2f000 	C:\Windows\system32\d3d9.dll
0x000007feebcb0000 - 0x000007feebcb7000 	C:\Windows\system32\d3d8thk.dll
0x000007fefbb30000 - 0x000007fefbb48000 	C:\Windows\system32\dwmapi.dll
0x000007fefc420000 - 0x000007fefc476000 	C:\Windows\system32\uxtheme.dll
0x0000000180000000 - 0x0000000180738000 	C:\Windows\system32\igdumd64.dll
0x00000000711d0000 - 0x0000000071219000 	C:\Program Files\Java\jre1.8.0_161\bin\glass.dll
0x000007fefe550000 - 0x000007fefe5e7000 	C:\Windows\system32\COMDLG32.dll
0x000007feff9d0000 - 0x000007feffaa7000 	C:\Windows\system32\OLEAUT32.dll
0x000007fefdd50000 - 0x000007fefdd5f000 	C:\Windows\system32\CRYPTBASE.dll
0x00000000740b0000 - 0x00000000740c4000 	C:\Program Files\Java\jre1.8.0_161\bin\javafx_font.dll
0x000007feeb610000 - 0x000007feeb78e000 	C:\Windows\system32\dwrite.dll
0x000007feffc30000 - 0x000007feffcc9000 	C:\Windows\system32\CLBCatQ.DLL
0x000007fefb990000 - 0x000007fefbaba000 	C:\Windows\system32\WindowsCodecs.dll
0x000007fefdcf0000 - 0x000007fefdd47000 	C:\Windows\system32\apphelp.dll
0x0000000073960000 - 0x0000000073b14000 	C:\Program Files\AVAST Software\Avast\ashShA64.dll
0x000007fefc200000 - 0x000007fefc415000 	C:\Windows\WinSxS\amd64_microsoft.windows.gdiplus_6595b64144ccf1df_1.1.7601.17514_none_2b24536c71ed437a\gdiplus.dll
0x000007fef9ed0000 - 0x000007fefa1e6000 	C:\Windows\system32\msi.dll
0x000007fefa7f0000 - 0x000007fefa7ff000 	C:\Windows\system32\AcSignIcon.dll
0x000007fef9960000 - 0x000007fef9ec5000 	C:\Windows\system32\mfc110u.dll
0x000007fef9880000 - 0x000007fef9954000 	C:\Windows\system32\MSVCR110.dll
0x000007fef9830000 - 0x000007fef9865000 	C:\Windows\system32\EhStorShell.dll
0x000007fefe7a0000 - 0x000007fefe977000 	C:\Windows\system32\SETUPAPI.dll
0x000007fefdf50000 - 0x000007fefdf86000 	C:\Windows\system32\CFGMGR32.dll
0x000007fefe170000 - 0x000007fefe18a000 	C:\Windows\system32\DEVOBJ.dll
0x000007fefc4d0000 - 0x000007fefc5fc000 	C:\Windows\system32\PROPSYS.dll
0x000007fef91b0000 - 0x000007fef9822000 	C:\PROGRA~1\MICROS~2\Office14\GROOVEEX.DLL
0x0000000073200000 - 0x00000000732a3000 	C:\Windows\WinSxS\amd64_microsoft.vc90.crt_1fc8b3b9a1e18e3b_9.0.30729.6161_none_08e61857a83bc251\MSVCR90.dll
0x0000000073120000 - 0x00000000731f3000 	C:\Windows\WinSxS\amd64_microsoft.vc90.crt_1fc8b3b9a1e18e3b_9.0.30729.6161_none_08e61857a83bc251\MSVCP90.dll
0x00000000730f0000 - 0x000000007311f000 	C:\Windows\WinSxS\amd64_microsoft.vc90.atl_1fc8b3b9a1e18e3b_9.0.30729.6161_none_0a1fd3a3a768b895\ATL90.DLL
0x000007fef8da0000 - 0x000007fef91af000 	C:\PROGRA~1\COMMON~1\MICROS~1\OFFICE14\Cultures\office.odf
0x000007fef8520000 - 0x000007fef8d96000 	C:\PROGRA~1\MICROS~2\Office14\1049\GrooveIntlResource.dll
0x000007fef84a0000 - 0x000007fef851e000 	C:\Windows\System32\cscui.dll
0x000007fef8490000 - 0x000007fef849c000 	C:\Windows\System32\CSCDLL.dll
0x000007fef8480000 - 0x000007fef848f000 	C:\Windows\system32\CSCAPI.dll
0x000007fef8400000 - 0x000007fef8480000 	C:\Windows\system32\ntshrui.dll
0x000007fefd990000 - 0x000007fefd9b3000 	C:\Windows\system32\srvcli.dll
0x000007fefbbb0000 - 0x000007fefbbbb000 	C:\Windows\system32\slc.dll
0x000007feeadd0000 - 0x000007feeadfd000 	C:\Program Files\Common Files\Microsoft Shared\Ink\rtscom.dll

VM Arguments:
jvm_args: -Dfile.encoding=Cp1251 
java_command: application.Main
java_class_path (initial): C:\Program Files\Java\jre1.8.0_161\lib\resources.jar;C:\Program Files\Java\jre1.8.0_161\lib\rt.jar;C:\Program Files\Java\jre1.8.0_161\lib\jsse.jar;C:\Program Files\Java\jre1.8.0_161\lib\jce.jar;C:\Program Files\Java\jre1.8.0_161\lib\charsets.jar;C:\Program Files\Java\jre1.8.0_161\lib\jfr.jar;C:\Program Files\Java\jre1.8.0_161\lib\ext\access-bridge-64.jar;C:\Program Files\Java\jre1.8.0_161\lib\ext\cldrdata.jar;C:\Program Files\Java\jre1.8.0_161\lib\ext\dnsns.jar;C:\Program Files\Java\jre1.8.0_161\lib\ext\jaccess.jar;C:\Program Files\Java\jre1.8.0_161\lib\ext\jfxrt.jar;C:\Program Files\Java\jre1.8.0_161\lib\ext\localedata.jar;C:\Program Files\Java\jre1.8.0_161\lib\ext\nashorn.jar;C:\Program Files\Java\jre1.8.0_161\lib\ext\sunec.jar;C:\Program Files\Java\jre1.8.0_161\lib\ext\sunjce_provider.jar;C:\Program Files\Java\jre1.8.0_161\lib\ext\sunmscapi.jar;C:\Program Files\Java\jre1.8.0_161\lib\ext\sunpkcs11.jar;C:\Program Files\Java\jre1.8.0_161\lib\ext\zipfs.jar;C:\Users\Оксана\eclipse-workspace\laba2\bin;C:\Users\Оксана\.p2\pool\plugins\org.eclipse.fx.ide.css.jfx8_2.4.0.201605112122.jar
Launcher Type: SUN_STANDARD

Environment Variables:
PATH=C:/Program Files/Java/jre1.8.0_161/bin/server;C:/Program Files/Java/jre1.8.0_161/bin;C:/Program Files/Java/jre1.8.0_161/lib/amd64;C:\ProgramData\Oracle\Java\javapath;C:\Program Files (x86)\Common Files\Intel\Shared Files\cpp\bin\Intel64;C:\Program Files\Broadcom\Broadcom 802.11 Network Adapter\Driver;;;C:\Windows\system32;C:\Windows;C:\Windows\System32\Wbem;C:\Windows\System32\WindowsPowerShell\v1.0\;C:\Program Files (x86)\Microsoft SQL Server\100\Tools\Binn\;C:\Program Files\Microsoft SQL Server\100\Tools\Binn\;C:\Program Files\Microsoft SQL Server\100\DTS\Binn\;C:\Program Files (x86)\Skype\Phone\C:\Program Files (x86)\Java\jre1.8.0_161\bin;;D:\с иммитатор\Desktop;
USERNAME=Оксана
OS=Windows_NT
PROCESSOR_IDENTIFIER=Intel64 Family 6 Model 42 Stepping 7, GenuineIntel



---------------  S Y S T E M  ---------------

OS: Windows 7 , 64 bit Build 7601 (6.1.7601.17651)

CPU:total 4 (initial active 4) (2 cores per cpu, 2 threads per core) family 6 model 42 stepping 7, cmov, cx8, fxsr, mmx, sse, sse2, sse3, ssse3, sse4.1, sse4.2, popcnt, avx, clmul, ht, tsc, tscinvbit

Memory: 4k page, physical 4042608k(618484k free), swap 4040760k(5084k free)

vm_info: Java HotSpot(TM) 64-Bit Server VM (25.161-b12) for windows-amd64 JRE (1.8.0_161-b12), built on Dec 19 2017 17:52:25 by "java_re" with MS VC++ 10.0 (VS2010)

time: Fri Mar 16 22:52:39 2018
elapsed time: 1 seconds (0d 0h 0m 1s)

