#
# There is insufficient memory for the Java Runtime Environment to continue.
# Native memory allocation (malloc) failed to allocate 37088 bytes for Chunk::new
# Possible reasons:
#   The system is out of physical RAM or swap space
#   In 32 bit mode, the process size limit was hit
# Possible solutions:
#   Reduce memory load on the system
#   Increase physical memory or swap space
#   Check if swap backing store is full
#   Use 64 bit Java on a 64 bit OS
#   Decrease Java heap size (-Xmx/-Xms)
#   Decrease number of Java threads
#   Decrease Java thread stack sizes (-Xss)
#   Set larger code cache with -XX:ReservedCodeCacheSize=
# This output file may be truncated or incomplete.
#
#  Out of Memory Error (allocation.cpp:390), pid=3464, tid=0x0000000000001efc
#
# JRE version: Java(TM) SE Runtime Environment (8.0_161-b12) (build 1.8.0_161-b12)
# Java VM: Java HotSpot(TM) 64-Bit Server VM (25.161-b12 mixed mode windows-amd64 compressed oops)
# Failed to write core dump. Minidumps are not enabled by default on client versions of Windows
#

---------------  T H R E A D  ---------------

Current thread (0x0000000055413800):  JavaThread "C2 CompilerThread0" daemon [_thread_in_native, id=7932, stack(0x0000000056fd0000,0x00000000570d0000)]

Stack: [0x0000000056fd0000,0x00000000570d0000]
[error occurred during error reporting (printing stack bounds), id 0xc0000005]

Native frames: (J=compiled Java code, j=interpreted, Vv=VM code, C=native code)


Current CompileTask:
C2:    380  191       4       jdk.internal.org.objectweb.asm.ByteVector::putUTF8 (142 bytes)


---------------  P R O C E S S  ---------------

Java Threads: ( => current thread )
  0x0000000056b68000 JavaThread "Service Thread" daemon [_thread_blocked, id=1416, stack(0x00000000573b0000,0x00000000574b0000)]
  0x0000000056ae5000 JavaThread "C1 CompilerThread2" daemon [_thread_in_vm, id=5168, stack(0x0000000057170000,0x0000000057270000)]
  0x0000000055416800 JavaThread "C2 CompilerThread1" daemon [_thread_in_native, id=6076, stack(0x0000000056510000,0x0000000056610000)]
=>0x0000000055413800 JavaThread "C2 CompilerThread0" daemon [_thread_in_native, id=7932, stack(0x0000000056fd0000,0x00000000570d0000)]
  0x0000000055412000 JavaThread "Attach Listener" daemon [_thread_blocked, id=4968, stack(0x00000000569d0000,0x0000000056ad0000)]
  0x000000005540f000 JavaThread "Signal Dispatcher" daemon [_thread_blocked, id=6760, stack(0x0000000056850000,0x0000000056950000)]
  0x00000000553fa800 JavaThread "Finalizer" daemon [_thread_blocked, id=2848, stack(0x0000000056670000,0x0000000056770000)]
  0x00000000553b3000 JavaThread "Reference Handler" daemon [_thread_blocked, id=7596, stack(0x00000000563e0000,0x00000000564e0000)]
  0x00000000024af000 JavaThread "main" [_thread_in_Java, id=5668, stack(0x0000000002670000,0x0000000002770000)]

Other Threads:
  0x00000000553ab800 VMThread [stack: 0x00000000562e0000,0x00000000563e0000] [id=4256]
  0x0000000056b8e000 WatcherThread [stack: 0x00000000572b0000,0x00000000573b0000] [id=4360]

VM state:not at safepoint (normal execution)

VM Mutex/Monitor currently owned by a thread: None

Heap:
 PSYoungGen      total 18432K, used 2223K [0x00000000eb700000, 0x00000000ecb80000, 0x0000000100000000)
  eden space 15872K, 14% used [0x00000000eb700000,0x00000000eb92bd40,0x00000000ec680000)
  from space 2560K, 0% used [0x00000000ec900000,0x00000000ec900000,0x00000000ecb80000)
  to   space 2560K, 0% used [0x00000000ec680000,0x00000000ec680000,0x00000000ec900000)
 ParOldGen       total 42496K, used 0K [0x00000000c2400000, 0x00000000c4d80000, 0x00000000eb700000)
  object space 42496K, 0% used [0x00000000c2400000,0x00000000c2400000,0x00000000c4d80000)
 Metaspace       used 3428K, capacity 4682K, committed 4864K, reserved 1056768K
  class space    used 387K, capacity 451K, committed 512K, reserved 1048576K

Card table byte_map: [0x0000000011e00000,0x0000000011ff0000] byte_map_base: 0x00000000117ee000

Marking Bits: (ParMarkBitMap*) 0x00000000641cf860
 Begin Bits: [0x0000000012950000, 0x00000000138c0000)
 End Bits:   [0x00000000138c0000, 0x0000000014830000)

Polling page: 0x0000000000150000

CodeCache: size=245760Kb used=1417Kb max_used=1417Kb free=244342Kb
 bounds [0x0000000002a40000, 0x0000000002cb0000, 0x0000000011a40000]
 total_blobs=446 nmethods=196 adapters=163
 compilation: enabled

Compilation events (10 events):
Event: 0.377 Thread 0x0000000056ae5000  188       3       jdk.internal.org.objectweb.asm.Item::isEqualTo (354 bytes)
Event: 0.378 Thread 0x0000000056ae5000 nmethod 188 0x0000000002b9d810 code [0x0000000002b9da40, 0x0000000002b9e6e8]
Event: 0.378 Thread 0x0000000056ae5000  169       1       java.lang.invoke.MethodHandle::type (5 bytes)
Event: 0.378 Thread 0x0000000056ae5000 nmethod 169 0x0000000002b9d550 code [0x0000000002b9d6a0, 0x0000000002b9d7b0]
Event: 0.378 Thread 0x0000000056ae5000  178       3       java.lang.String::indexOf (7 bytes)
Event: 0.378 Thread 0x0000000056ae5000 nmethod 178 0x0000000002b9cfd0 code [0x0000000002b9d140, 0x0000000002b9d3c8]
Event: 0.378 Thread 0x0000000056ae5000  196       3       java.util.Collections$UnmodifiableCollection$1::next (10 bytes)
Event: 0.378 Thread 0x0000000056ae5000 nmethod 196 0x0000000002b9cb90 code [0x0000000002b9cd00, 0x0000000002b9cf28]
Event: 0.378 Thread 0x0000000056ae5000  198       3       jdk.internal.org.objectweb.asm.Frame::push (110 bytes)
Event: 0.379 Thread 0x0000000055416800  199       4       java.lang.String::indexOf (70 bytes)

GC Heap History (0 events):
No events

Deoptimization events (1 events):
Event: 0.319 Thread 0x00000000024af000 Uncommon trap: reason=unstable_if action=reinterpret pc=0x0000000002b660e8 method=java.lang.String.hashCode()I @ 14

Classes redefined (0 events):
No events

Internal exceptions (5 events):
Event: 0.076 Thread 0x00000000024af000 Exception <a 'java/lang/NoSuchMethodError': Method sun.misc.Unsafe.defineClass(Ljava/lang/String;[BII)Ljava/lang/Class; name or signature does not match> (0x00000000eb707ca0) thrown at [C:\re\workspace\8-2-build-windows-amd64-cygwin\jdk8u161\10277\hotspot
Event: 0.076 Thread 0x00000000024af000 Exception <a 'java/lang/NoSuchMethodError': Method sun.misc.Unsafe.prefetchRead(Ljava/lang/Object;J)V name or signature does not match> (0x00000000eb707f88) thrown at [C:\re\workspace\8-2-build-windows-amd64-cygwin\jdk8u161\10277\hotspot\src\share\vm\prim
Event: 0.171 Thread 0x00000000024af000 Exception <a 'java/io/FileNotFoundException'> (0x00000000eb75e058) thrown at [C:\re\workspace\8-2-build-windows-amd64-cygwin\jdk8u161\10277\hotspot\src\share\vm\prims\jni.cpp, line 709]
Event: 0.372 Thread 0x00000000024af000 Exception <a 'java/lang/NoSuchFieldError': method resolution failed> (0x00000000eb8ed598) thrown at [C:\re\workspace\8-2-build-windows-amd64-cygwin\jdk8u161\10277\hotspot\src\share\vm\prims\methodHandles.cpp, line 1167]
Event: 0.375 Thread 0x00000000024af000 Exception <a 'java/lang/NoSuchFieldError': method resolution failed> (0x00000000eb8fa8e8) thrown at [C:\re\workspace\8-2-build-windows-amd64-cygwin\jdk8u161\10277\hotspot\src\share\vm\prims\methodHandles.cpp, line 1167]

Events (10 events):
Event: 0.372 loading class java/lang/NoSuchFieldError
Event: 0.372 loading class java/lang/NoSuchFieldError done
Event: 0.378 loading class java/lang/invoke/LambdaFormEditor
Event: 0.378 loading class java/lang/invoke/LambdaFormEditor done
Event: 0.379 loading class java/lang/invoke/LambdaFormEditor$Transform$Kind
Event: 0.379 loading class java/lang/invoke/LambdaFormEditor$Transform$Kind done
Event: 0.379 loading class java/lang/invoke/LambdaFormEditor$Transform
Event: 0.379 loading class java/lang/invoke/LambdaFormEditor$Transform done
Event: 0.379 loading class java/lang/invoke/LambdaFormBuffer
Event: 0.379 loading class java/lang/invoke/LambdaFormBuffer done


Dynamic libraries:
0x000000013f290000 - 0x000000013f2c7000 	C:\Program Files\Java\jre1.8.0_161\bin\javaw.exe
0x0000000077a40000 - 0x0000000077be9000 	C:\Windows\SYSTEM32\ntdll.dll
0x000007feeb210000 - 0x000007feeb244000 	C:\Program Files\AVAST Software\Avast\x64\aswhooka.dll
0x0000000077570000 - 0x000000007768f000 	C:\Windows\system32\kernel32.dll
0x000007fefe100000 - 0x000007fefe16c000 	C:\Windows\system32\KERNELBASE.dll
0x000007fefe6c0000 - 0x000007fefe79b000 	C:\Windows\system32\ADVAPI32.dll
0x000007fefe980000 - 0x000007fefea1f000 	C:\Windows\system32\msvcrt.dll
0x000007fefeb50000 - 0x000007fefeb6f000 	C:\Windows\SYSTEM32\sechost.dll
0x000007fefea20000 - 0x000007fefeb4d000 	C:\Windows\system32\RPCRT4.dll
0x0000000077940000 - 0x0000000077a3a000 	C:\Windows\system32\USER32.dll
0x000007feffbc0000 - 0x000007feffc27000 	C:\Windows\system32\GDI32.dll
0x000007fefe680000 - 0x000007fefe68e000 	C:\Windows\system32\LPK.dll
0x000007fefe270000 - 0x000007fefe339000 	C:\Windows\system32\USP10.dll
0x000007fefc730000 - 0x000007fefc924000 	C:\Windows\WinSxS\amd64_microsoft.windows.common-controls_6595b64144ccf1df_6.0.7601.17514_none_fa396087175ac9ac\COMCTL32.dll
0x000007feffcd0000 - 0x000007feffd41000 	C:\Windows\system32\SHLWAPI.dll
0x000007fefe690000 - 0x000007fefe6be000 	C:\Windows\system32\IMM32.DLL
0x000007feffab0000 - 0x000007feffbb9000 	C:\Windows\system32\MSCTF.dll
0x000007fefde60000 - 0x000007fefde9c000 	C:\Windows\system32\nvinitx.dll
0x00000000705d0000 - 0x00000000706a2000 	C:\Program Files\Java\jre1.8.0_161\bin\msvcr100.dll
0x00000000639b0000 - 0x000000006424f000 	C:\Program Files\Java\jre1.8.0_161\bin\server\jvm.dll
0x000007fef69e0000 - 0x000007fef69e9000 	C:\Windows\system32\WSOCK32.dll
0x000007fefebf0000 - 0x000007fefec3d000 	C:\Windows\system32\WS2_32.dll
0x000007fefe5f0000 - 0x000007fefe5f8000 	C:\Windows\system32\NSI.dll
0x000007fefacd0000 - 0x000007fefad0b000 	C:\Windows\system32\WINMM.dll
0x000007fefcdf0000 - 0x000007fefcdfc000 	C:\Windows\system32\VERSION.dll
0x0000000077c10000 - 0x0000000077c17000 	C:\Windows\system32\PSAPI.DLL
0x0000000075280000 - 0x000000007528f000 	C:\Program Files\Java\jre1.8.0_161\bin\verify.dll
0x0000000075250000 - 0x0000000075279000 	C:\Program Files\Java\jre1.8.0_161\bin\java.dll
0x0000000075230000 - 0x0000000075246000 	C:\Program Files\Java\jre1.8.0_161\bin\zip.dll
0x000007fefec40000 - 0x000007feff9c8000 	C:\Windows\system32\SHELL32.dll
0x000007fefe340000 - 0x000007fefe543000 	C:\Windows\system32\ole32.dll
0x000007fefdea0000 - 0x000007fefdeaf000 	C:\Windows\system32\profapi.dll

VM Arguments:
jvm_args: -Dfile.encoding=Cp1251 
java_command: application.Main
java_class_path (initial): C:\Program Files\Java\jre1.8.0_161\lib\resources.jar;C:\Program Files\Java\jre1.8.0_161\lib\rt.jar;C:\Program Files\Java\jre1.8.0_161\lib\jsse.jar;C:\Program Files\Java\jre1.8.0_161\lib\jce.jar;C:\Program Files\Java\jre1.8.0_161\lib\charsets.jar;C:\Program Files\Java\jre1.8.0_161\lib\jfr.jar;C:\Program Files\Java\jre1.8.0_161\lib\ext\access-bridge-64.jar;C:\Program Files\Java\jre1.8.0_161\lib\ext\cldrdata.jar;C:\Program Files\Java\jre1.8.0_161\lib\ext\dnsns.jar;C:\Program Files\Java\jre1.8.0_161\lib\ext\jaccess.jar;C:\Program Files\Java\jre1.8.0_161\lib\ext\jfxrt.jar;C:\Program Files\Java\jre1.8.0_161\lib\ext\localedata.jar;C:\Program Files\Java\jre1.8.0_161\lib\ext\nashorn.jar;C:\Program Files\Java\jre1.8.0_161\lib\ext\sunec.jar;C:\Program Files\Java\jre1.8.0_161\lib\ext\sunjce_provider.jar;C:\Program Files\Java\jre1.8.0_161\lib\ext\sunmscapi.jar;C:\Program Files\Java\jre1.8.0_161\lib\ext\sunpkcs11.jar;C:\Program Files\Java\jre1.8.0_161\lib\ext\zipfs.jar;C:\Users\Оксана\eclipse-workspace\laba2\bin;C:\Users\Оксана\.p2\pool\plugins\org.eclipse.fx.ide.css.jfx8_2.4.0.201605112122.jar
Launcher Type: SUN_STANDARD

Environment Variables:
PATH=C:/Program Files/Java/jre1.8.0_161/bin/server;C:/Program Files/Java/jre1.8.0_161/bin;C:/Program Files/Java/jre1.8.0_161/lib/amd64;C:\ProgramData\Oracle\Java\javapath;C:\Program Files (x86)\Common Files\Intel\Shared Files\cpp\bin\Intel64;C:\Program Files\Broadcom\Broadcom 802.11 Network Adapter\Driver;;;C:\Windows\system32;C:\Windows;C:\Windows\System32\Wbem;C:\Windows\System32\WindowsPowerShell\v1.0\;C:\Program Files (x86)\Microsoft SQL Server\100\Tools\Binn\;C:\Program Files\Microsoft SQL Server\100\Tools\Binn\;C:\Program Files\Microsoft SQL Server\100\DTS\Binn\;C:\Program Files (x86)\Skype\Phone\C:\Program Files (x86)\Java\jre1.8.0_161\bin;;D:\с иммитатор\Desktop;
USERNAME=Оксана
OS=Windows_NT
PROCESSOR_IDENTIFIER=Intel64 Family 6 Model 42 Stepping 7, GenuineIntel



---------------  S Y S T E M  ---------------

OS: Windows 7 , 64 bit Build 7601 (6.1.7601.17651)

CPU:total 4 (initial active 4) (2 cores per cpu, 2 threads per core) family 6 model 42 stepping 7, cmov, cx8, fxsr, mmx, sse, sse2, sse3, ssse3, sse4.1, sse4.2, popcnt, avx, clmul, ht, tsc, tscinvbit

Memory: 4k page, physical 4042608k(432340k free), swap 4040760k(5120k free)

vm_info: Java HotSpot(TM) 64-Bit Server VM (25.161-b12) for windows-amd64 JRE (1.8.0_161-b12), built on Dec 19 2017 17:52:25 by "java_re" with MS VC++ 10.0 (VS2010)

time: Fri Mar 16 18:10:15 2018
elapsed time: 0 seconds (0d 0h 0m 0s)

